{"__type":"$$EventMessageAudit","id":"e8f33719-ce26-45ea-bfbe-b95b3251527e","ts":"2025-05-12T18:06:26.108-04:00","eventName":"n8n.audit.workflow.updated","message":"n8n.audit.workflow.updated","payload":{"userId":"40708ba4-ed39-4a97-950e-6809eb6d38d7","_email":"ricardoronanm@gmail.com","_firstName":"Ricardo","_lastName":"Moses","globalRole":"global:owner","workflowId":"6az5gkmFF6nCaBjU","workflowName":"Get Lead Notes from Open CRM -  Send to  Clay"}}
{"__type":"$$EventMessageConfirm","confirm":"e8f33719-ce26-45ea-bfbe-b95b3251527e","ts":"2025-05-12T18:06:26.112-04:00","source":{"id":"0","name":"eventBus"}}
{"__type":"$$EventMessageWorkflow","id":"2ee2a422-bc21-4248-b488-cce0539e724a","ts":"2025-05-12T18:09:57.810-04:00","eventName":"n8n.workflow.started","message":"n8n.workflow.started","payload":{"executionId":"197","workflowId":"6az5gkmFF6nCaBjU","isManual":false,"workflowName":"Get Lead Notes from Open CRM -  Send to  Clay"}}
{"__type":"$$EventMessageConfirm","confirm":"2ee2a422-bc21-4248-b488-cce0539e724a","ts":"2025-05-12T18:09:57.831-04:00","source":{"id":"0","name":"eventBus"}}
{"__type":"$$EventMessageNode","id":"b8698fa0-a721-4867-a098-391d750888d6","ts":"2025-05-12T18:09:57.858-04:00","eventName":"n8n.node.started","message":"n8n.node.started","payload":{"workflowId":"6az5gkmFF6nCaBjU","workflowName":"Get Lead Notes from Open CRM -  Send to  Clay","executionId":"197","nodeType":"n8n-nodes-base.manualTrigger","nodeName":"When clicking ‘Test workflow’"}}
{"__type":"$$EventMessageConfirm","confirm":"b8698fa0-a721-4867-a098-391d750888d6","ts":"2025-05-12T18:09:57.860-04:00","source":{"id":"0","name":"eventBus"}}
{"__type":"$$EventMessageNode","id":"867a68de-16ba-432a-94a3-0e4f17443f29","ts":"2025-05-12T18:09:57.953-04:00","eventName":"n8n.node.finished","message":"n8n.node.finished","payload":{"workflowId":"6az5gkmFF6nCaBjU","workflowName":"Get Lead Notes from Open CRM -  Send to  Clay","executionId":"197","nodeType":"n8n-nodes-base.manualTrigger","nodeName":"When clicking ‘Test workflow’"}}
{"__type":"$$EventMessageConfirm","confirm":"867a68de-16ba-432a-94a3-0e4f17443f29","ts":"2025-05-12T18:09:57.954-04:00","source":{"id":"0","name":"eventBus"}}
{"__type":"$$EventMessageNode","id":"3d6f9169-18e1-4b6b-b689-5dfb1c5ba707","ts":"2025-05-12T18:09:57.956-04:00","eventName":"n8n.node.started","message":"n8n.node.started","payload":{"workflowId":"6az5gkmFF6nCaBjU","workflowName":"Get Lead Notes from Open CRM -  Send to  Clay","executionId":"197","nodeType":"n8n-nodes-base.splitInBatches","nodeName":"Loop Over Items1"}}
{"__type":"$$EventMessageConfirm","confirm":"3d6f9169-18e1-4b6b-b689-5dfb1c5ba707","ts":"2025-05-12T18:09:57.957-04:00","source":{"id":"0","name":"eventBus"}}
{"__type":"$$EventMessageNode","id":"9ba45b2f-075e-4958-9b13-9ee96dd8572c","ts":"2025-05-12T18:09:58.011-04:00","eventName":"n8n.node.finished","message":"n8n.node.finished","payload":{"workflowId":"6az5gkmFF6nCaBjU","workflowName":"Get Lead Notes from Open CRM -  Send to  Clay","executionId":"197","nodeType":"n8n-nodes-base.splitInBatches","nodeName":"Loop Over Items1"}}
{"__type":"$$EventMessageConfirm","confirm":"9ba45b2f-075e-4958-9b13-9ee96dd8572c","ts":"2025-05-12T18:09:58.011-04:00","source":{"id":"0","name":"eventBus"}}
{"__type":"$$EventMessageNode","id":"cd3d6eac-76df-40c9-9769-b6ab40d44b4f","ts":"2025-05-12T18:09:58.013-04:00","eventName":"n8n.node.started","message":"n8n.node.started","payload":{"workflowId":"6az5gkmFF6nCaBjU","workflowName":"Get Lead Notes from Open CRM -  Send to  Clay","executionId":"197","nodeType":"n8n-nodes-base.httpRequest","nodeName":"Get Lead Activity Calls  from Open CRM"}}
{"__type":"$$EventMessageConfirm","confirm":"cd3d6eac-76df-40c9-9769-b6ab40d44b4f","ts":"2025-05-12T18:09:58.014-04:00","source":{"id":"0","name":"eventBus"}}
{"__type":"$$EventMessageNode","id":"f87b8d76-589c-4d11-b607-e36e365a45a5","ts":"2025-05-12T18:10:01.036-04:00","eventName":"n8n.node.finished","message":"n8n.node.finished","payload":{"workflowId":"6az5gkmFF6nCaBjU","workflowName":"Get Lead Notes from Open CRM -  Send to  Clay","executionId":"197","nodeType":"n8n-nodes-base.httpRequest","nodeName":"Get Lead Activity Calls  from Open CRM"}}
{"__type":"$$EventMessageConfirm","confirm":"f87b8d76-589c-4d11-b607-e36e365a45a5","ts":"2025-05-12T18:10:01.037-04:00","source":{"id":"0","name":"eventBus"}}
{"__type":"$$EventMessageWorkflow","id":"d13026d1-c180-46ea-a5e1-065c69a121bd","ts":"2025-05-12T18:10:01.132-04:00","eventName":"n8n.workflow.success","message":"n8n.workflow.success","payload":{"executionId":"197","userId":"40708ba4-ed39-4a97-950e-6809eb6d38d7","success":true,"isManual":true,"workflowId":"6az5gkmFF6nCaBjU","workflowName":"Get Lead Notes from Open CRM -  Send to  Clay"}}
{"__type":"$$EventMessageConfirm","confirm":"d13026d1-c180-46ea-a5e1-065c69a121bd","ts":"2025-05-12T18:10:01.132-04:00","source":{"id":"0","name":"eventBus"}}
{"__type":"$$EventMessageWorkflow","id":"456603b1-d0da-404d-bd89-33736b2b6f17","ts":"2025-05-12T18:11:21.036-04:00","eventName":"n8n.workflow.started","message":"n8n.workflow.started","payload":{"executionId":"198","workflowId":"6az5gkmFF6nCaBjU","isManual":false,"workflowName":"Get Lead Notes from Open CRM -  Send to  Clay"}}
{"__type":"$$EventMessageConfirm","confirm":"456603b1-d0da-404d-bd89-33736b2b6f17","ts":"2025-05-12T18:11:21.041-04:00","source":{"id":"0","name":"eventBus"}}
{"__type":"$$EventMessageNode","id":"79eb132a-7872-4896-8fce-ce520ae4706f","ts":"2025-05-12T18:11:21.047-04:00","eventName":"n8n.node.started","message":"n8n.node.started","payload":{"workflowId":"6az5gkmFF6nCaBjU","workflowName":"Get Lead Notes from Open CRM -  Send to  Clay","executionId":"198","nodeType":"n8n-nodes-base.splitInBatches","nodeName":"Loop Over Items1"}}
{"__type":"$$EventMessageConfirm","confirm":"79eb132a-7872-4896-8fce-ce520ae4706f","ts":"2025-05-12T18:11:21.047-04:00","source":{"id":"0","name":"eventBus"}}
{"__type":"$$EventMessageNode","id":"dabd13a2-bccb-414a-bac7-2d688a553c1d","ts":"2025-05-12T18:11:21.058-04:00","eventName":"n8n.node.finished","message":"n8n.node.finished","payload":{"workflowId":"6az5gkmFF6nCaBjU","workflowName":"Get Lead Notes from Open CRM -  Send to  Clay","executionId":"198","nodeType":"n8n-nodes-base.splitInBatches","nodeName":"Loop Over Items1"}}
{"__type":"$$EventMessageConfirm","confirm":"dabd13a2-bccb-414a-bac7-2d688a553c1d","ts":"2025-05-12T18:11:21.059-04:00","source":{"id":"0","name":"eventBus"}}
{"__type":"$$EventMessageNode","id":"c56dd922-3ac1-4cd1-b429-cb72884d468f","ts":"2025-05-12T18:11:21.062-04:00","eventName":"n8n.node.started","message":"n8n.node.started","payload":{"workflowId":"6az5gkmFF6nCaBjU","workflowName":"Get Lead Notes from Open CRM -  Send to  Clay","executionId":"198","nodeType":"n8n-nodes-base.httpRequest","nodeName":"Get Lead Activity Calls  from Open CRM"}}
{"__type":"$$EventMessageConfirm","confirm":"c56dd922-3ac1-4cd1-b429-cb72884d468f","ts":"2025-05-12T18:11:21.062-04:00","source":{"id":"0","name":"eventBus"}}
{"__type":"$$EventMessageNode","id":"d35ac080-0f50-44c1-8f18-ffbaa152ee32","ts":"2025-05-12T18:11:23.659-04:00","eventName":"n8n.node.finished","message":"n8n.node.finished","payload":{"workflowId":"6az5gkmFF6nCaBjU","workflowName":"Get Lead Notes from Open CRM -  Send to  Clay","executionId":"198","nodeType":"n8n-nodes-base.httpRequest","nodeName":"Get Lead Activity Calls  from Open CRM"}}
{"__type":"$$EventMessageConfirm","confirm":"d35ac080-0f50-44c1-8f18-ffbaa152ee32","ts":"2025-05-12T18:11:23.659-04:00","source":{"id":"0","name":"eventBus"}}
{"__type":"$$EventMessageNode","id":"eb51c32e-f7ab-4f5e-84b0-7a7ace989d19","ts":"2025-05-12T18:11:23.682-04:00","eventName":"n8n.node.started","message":"n8n.node.started","payload":{"workflowId":"6az5gkmFF6nCaBjU","workflowName":"Get Lead Notes from Open CRM -  Send to  Clay","executionId":"198","nodeType":"n8n-nodes-base.splitOut","nodeName":"Split Out"}}
{"__type":"$$EventMessageConfirm","confirm":"eb51c32e-f7ab-4f5e-84b0-7a7ace989d19","ts":"2025-05-12T18:11:23.683-04:00","source":{"id":"0","name":"eventBus"}}
{"__type":"$$EventMessageNode","id":"adc8ef55-ad1b-4825-8d63-b8e60f1a472e","ts":"2025-05-12T18:11:24.554-04:00","eventName":"n8n.node.finished","message":"n8n.node.finished","payload":{"workflowId":"6az5gkmFF6nCaBjU","workflowName":"Get Lead Notes from Open CRM -  Send to  Clay","executionId":"198","nodeType":"n8n-nodes-base.splitOut","nodeName":"Split Out"}}
{"__type":"$$EventMessageConfirm","confirm":"adc8ef55-ad1b-4825-8d63-b8e60f1a472e","ts":"2025-05-12T18:11:24.554-04:00","source":{"id":"0","name":"eventBus"}}
{"__type":"$$EventMessageWorkflow","id":"8908b118-4c21-402e-9dc4-61b2b850b7ec","ts":"2025-05-12T18:11:24.566-04:00","eventName":"n8n.workflow.success","message":"n8n.workflow.success","payload":{"executionId":"198","userId":"40708ba4-ed39-4a97-950e-6809eb6d38d7","success":true,"isManual":true,"workflowId":"6az5gkmFF6nCaBjU","workflowName":"Get Lead Notes from Open CRM -  Send to  Clay"}}
{"__type":"$$EventMessageConfirm","confirm":"8908b118-4c21-402e-9dc4-61b2b850b7ec","ts":"2025-05-12T18:11:24.566-04:00","source":{"id":"0","name":"eventBus"}}
{"__type":"$$EventMessageWorkflow","id":"3453adce-6df2-47e6-94d0-cfd20dfe2eb2","ts":"2025-05-12T18:12:28.026-04:00","eventName":"n8n.workflow.started","message":"n8n.workflow.started","payload":{"executionId":"199","workflowId":"6az5gkmFF6nCaBjU","isManual":false,"workflowName":"Get Lead Notes from Open CRM -  Send to  Clay"}}
{"__type":"$$EventMessageConfirm","confirm":"3453adce-6df2-47e6-94d0-cfd20dfe2eb2","ts":"2025-05-12T18:12:28.027-04:00","source":{"id":"0","name":"eventBus"}}
{"__type":"$$EventMessageNode","id":"7a3dcf15-5397-4f6a-bca5-7cc70ed20049","ts":"2025-05-12T18:12:28.030-04:00","eventName":"n8n.node.started","message":"n8n.node.started","payload":{"workflowId":"6az5gkmFF6nCaBjU","workflowName":"Get Lead Notes from Open CRM -  Send to  Clay","executionId":"199","nodeType":"n8n-nodes-base.splitInBatches","nodeName":"Loop Over Items1"}}
{"__type":"$$EventMessageConfirm","confirm":"7a3dcf15-5397-4f6a-bca5-7cc70ed20049","ts":"2025-05-12T18:12:28.030-04:00","source":{"id":"0","name":"eventBus"}}
{"__type":"$$EventMessageNode","id":"e64770c1-4984-4f05-8ca0-44afb563b55e","ts":"2025-05-12T18:12:28.043-04:00","eventName":"n8n.node.finished","message":"n8n.node.finished","payload":{"workflowId":"6az5gkmFF6nCaBjU","workflowName":"Get Lead Notes from Open CRM -  Send to  Clay","executionId":"199","nodeType":"n8n-nodes-base.splitInBatches","nodeName":"Loop Over Items1"}}
{"__type":"$$EventMessageConfirm","confirm":"e64770c1-4984-4f05-8ca0-44afb563b55e","ts":"2025-05-12T18:12:28.043-04:00","source":{"id":"0","name":"eventBus"}}
{"__type":"$$EventMessageNode","id":"c74c7bbb-72de-49cd-bc2a-f747c047ae59","ts":"2025-05-12T18:12:28.044-04:00","eventName":"n8n.node.started","message":"n8n.node.started","payload":{"workflowId":"6az5gkmFF6nCaBjU","workflowName":"Get Lead Notes from Open CRM -  Send to  Clay","executionId":"199","nodeType":"n8n-nodes-base.httpRequest","nodeName":"Get Lead Activity Calls  from Open CRM"}}
{"__type":"$$EventMessageConfirm","confirm":"c74c7bbb-72de-49cd-bc2a-f747c047ae59","ts":"2025-05-12T18:12:28.044-04:00","source":{"id":"0","name":"eventBus"}}
{"__type":"$$EventMessageNode","id":"00a9d972-0d60-4db7-9381-af665f62e591","ts":"2025-05-12T18:12:30.468-04:00","eventName":"n8n.node.finished","message":"n8n.node.finished","payload":{"workflowId":"6az5gkmFF6nCaBjU","workflowName":"Get Lead Notes from Open CRM -  Send to  Clay","executionId":"199","nodeType":"n8n-nodes-base.httpRequest","nodeName":"Get Lead Activity Calls  from Open CRM"}}
{"__type":"$$EventMessageConfirm","confirm":"00a9d972-0d60-4db7-9381-af665f62e591","ts":"2025-05-12T18:12:30.468-04:00","source":{"id":"0","name":"eventBus"}}
{"__type":"$$EventMessageNode","id":"08306c2d-be12-4478-9ea6-5fab6d1a65b2","ts":"2025-05-12T18:12:30.545-04:00","eventName":"n8n.node.started","message":"n8n.node.started","payload":{"workflowId":"6az5gkmFF6nCaBjU","workflowName":"Get Lead Notes from Open CRM -  Send to  Clay","executionId":"199","nodeType":"n8n-nodes-base.splitOut","nodeName":"Split Out"}}
{"__type":"$$EventMessageConfirm","confirm":"08306c2d-be12-4478-9ea6-5fab6d1a65b2","ts":"2025-05-12T18:12:30.545-04:00","source":{"id":"0","name":"eventBus"}}
{"__type":"$$EventMessageNode","id":"4de675bb-727d-456a-a663-ed362b9cb9b0","ts":"2025-05-12T18:12:30.910-04:00","eventName":"n8n.node.finished","message":"n8n.node.finished","payload":{"workflowId":"6az5gkmFF6nCaBjU","workflowName":"Get Lead Notes from Open CRM -  Send to  Clay","executionId":"199","nodeType":"n8n-nodes-base.splitOut","nodeName":"Split Out"}}
{"__type":"$$EventMessageConfirm","confirm":"4de675bb-727d-456a-a663-ed362b9cb9b0","ts":"2025-05-12T18:12:30.910-04:00","source":{"id":"0","name":"eventBus"}}
{"__type":"$$EventMessageNode","id":"7a8f755e-dc82-4f8a-8e9f-13be234a0add","ts":"2025-05-12T18:12:30.917-04:00","eventName":"n8n.node.started","message":"n8n.node.started","payload":{"workflowId":"6az5gkmFF6nCaBjU","workflowName":"Get Lead Notes from Open CRM -  Send to  Clay","executionId":"199","nodeType":"n8n-nodes-base.splitInBatches","nodeName":"Loop Over Items1"}}
{"__type":"$$EventMessageConfirm","confirm":"7a8f755e-dc82-4f8a-8e9f-13be234a0add","ts":"2025-05-12T18:12:30.917-04:00","source":{"id":"0","name":"eventBus"}}
{"__type":"$$EventMessageNode","id":"6080d1e6-0347-4210-8a1e-cc1b7a177bad","ts":"2025-05-12T18:12:30.919-04:00","eventName":"n8n.node.finished","message":"n8n.node.finished","payload":{"workflowId":"6az5gkmFF6nCaBjU","workflowName":"Get Lead Notes from Open CRM -  Send to  Clay","executionId":"199","nodeType":"n8n-nodes-base.splitInBatches","nodeName":"Loop Over Items1"}}
{"__type":"$$EventMessageConfirm","confirm":"6080d1e6-0347-4210-8a1e-cc1b7a177bad","ts":"2025-05-12T18:12:30.919-04:00","source":{"id":"0","name":"eventBus"}}
{"__type":"$$EventMessageNode","id":"a52622ba-20cc-4e27-8417-7562476f7ed0","ts":"2025-05-12T18:12:30.934-04:00","eventName":"n8n.node.started","message":"n8n.node.started","payload":{"workflowId":"6az5gkmFF6nCaBjU","workflowName":"Get Lead Notes from Open CRM -  Send to  Clay","executionId":"199","nodeType":"n8n-nodes-base.httpRequest","nodeName":"Send to Clay1"}}
{"__type":"$$EventMessageConfirm","confirm":"a52622ba-20cc-4e27-8417-7562476f7ed0","ts":"2025-05-12T18:12:30.934-04:00","source":{"id":"0","name":"eventBus"}}
{"__type":"$$EventMessageNode","id":"fd955756-21e1-4bac-acd6-c4e8793d4ae2","ts":"2025-05-12T18:12:42.840-04:00","eventName":"n8n.node.finished","message":"n8n.node.finished","payload":{"workflowId":"6az5gkmFF6nCaBjU","workflowName":"Get Lead Notes from Open CRM -  Send to  Clay","executionId":"199","nodeType":"n8n-nodes-base.httpRequest","nodeName":"Send to Clay1"}}
{"__type":"$$EventMessageConfirm","confirm":"fd955756-21e1-4bac-acd6-c4e8793d4ae2","ts":"2025-05-12T18:12:42.840-04:00","source":{"id":"0","name":"eventBus"}}
{"__type":"$$EventMessageWorkflow","id":"0f430d20-7ff5-4530-aea3-0f8beddde2cb","ts":"2025-05-12T18:12:42.849-04:00","eventName":"n8n.workflow.success","message":"n8n.workflow.success","payload":{"executionId":"199","userId":"40708ba4-ed39-4a97-950e-6809eb6d38d7","success":true,"isManual":true,"workflowId":"6az5gkmFF6nCaBjU","workflowName":"Get Lead Notes from Open CRM -  Send to  Clay"}}
{"__type":"$$EventMessageConfirm","confirm":"0f430d20-7ff5-4530-aea3-0f8beddde2cb","ts":"2025-05-12T18:12:42.849-04:00","source":{"id":"0","name":"eventBus"}}
